Average 463.86 fps, 2.16 ms per frame
******** BEGIN VPROF REPORT ********
Peak 11.20 ms frame
-- Summary --
100 pct of time accounted for
80483 frames sampled for 173.51 seconds

-- Profile scopes sorted by time (including children) --
  Scope                                                      Calls Calls/Frame  Time+Child    Pct        Time    Pct   Avg/Frame    Avg/Call Avg-NoChild        Peak
  ---------------------------------------------------- ----------- ----------- ----------- ------ ----------- ------ ----------- ----------- ----------- -----------
                                        CEngine::Frame       80483       1.000  168660.219  97.21   10805.105   6.23       2.096       2.096       0.134      11.177
                                   CViewRender::Render       80483       1.000   66393.277  38.27   10731.257   6.18       0.825       0.825       0.133       2.801
                    C_BaseAnimating::ThreadedBoneSetup       80483       1.000   31572.711  18.20    6034.373   3.48       0.392       0.392       0.075       2.145
                           C_BaseAnimating::SetupBones     2411024      29.957   26148.178  15.07   24891.335  14.35       0.325       0.011       0.010       1.951
                               Client SimulateEntities       80483       1.000   21828.813  12.58   11708.384   6.75       0.271       0.271       0.145       1.380
                                             DrawWorld      160966       2.000   15796.669   9.10    6677.796   3.85       0.196       0.098       0.041       1.014
                                    CEngineVGui::Paint      160966       2.000   12743.759   7.34   12736.208   7.34       0.158       0.079       0.079       1.578
                        CFlashlightEffect::UpdateLight       80483       1.000    9872.305   5.69     101.073   0.06       0.123       0.123       0.001       1.115
              CClientShadowMgr::UpdateProjectedTexture       80483       1.000    8415.949   4.85      44.345   0.03       0.105       0.105       0.001       1.093
      CClientShadowMgr::UpdateProjectedTextureInternal       80483       1.000    8371.604   4.82      22.992   0.01       0.104       0.104       0.000       1.092
                   CClientShadowMgr::UpdateBrushShadow       80483       1.000    8348.612   4.81      19.617   0.01       0.104       0.104       0.000       1.092
                     CClientShadowMgr::BuildFlashlight       80483       1.000    8328.994   4.80     544.540   0.31       0.103       0.103       0.007       1.092
                                 _Host_RunFrame_Server        5221       0.065    7552.499   4.35    1060.845   0.61       0.094       1.447       0.203       6.853
                                          VGui_DrawHud       80483       1.000    7076.563   4.08     302.599   0.17       0.088       0.088       0.004       1.583
                                 CEngineVGui::Simulate       80483       1.000    6800.941   3.92    4165.208   2.40       0.085       0.085       0.052       8.674
                            UpdateClientSideAnimations       80483       1.000    6720.119   3.87    6709.524   3.87       0.083       0.083       0.083       1.731
                                  Shader_DrawDispChain      321932       4.000    5731.768   3.30    1477.240   0.85       0.071       0.018       0.005       0.883
                                 BuildWorldRenderLists       80483       1.000    5313.055   3.06    5313.055   3.06       0.066       0.066       0.066       0.804
                        CModelRenderSystem::DrawModels       80483       1.000    5076.358   2.93    4278.354   2.47       0.063       0.063       0.053       0.695
                               ParticleMgr()->Simulate       80483       1.000    5072.303   2.92     445.308   0.26       0.063       0.063       0.006       0.784
                         CShadowMgr::ProjectFlashlight       80483       1.000    4941.973   2.85    4941.973   2.85       0.061       0.061       0.061       0.884
                                  SetupRenderablesList       80483       1.000    4772.528   2.75    3927.255   2.26       0.059       0.059       0.049       0.900
                        CParticleMSG::UpdateNewEffects       80483       1.000    4626.994   2.67    3300.782   1.90       0.057       0.057       0.041       0.774
                             CShadowMgr::RenderShadows      375455       4.665    4484.462   2.58    4484.462   2.58       0.056       0.012       0.012       0.758
               C_BaseEntity::InterpolateServerEntities       80483       1.000    3624.877   2.09    3624.877   2.09       0.045       0.045       0.045       1.054
                                   CPrediction::Update       85413       1.061    3316.454   1.91    3305.212   1.90       0.041       0.039       0.039       0.865
                                CStaticProp::DrawModel     1930091      23.981    3007.412   1.73    3007.412   1.73       0.037       0.002       0.002       0.703
                            C_BaseAnimating::DrawModel      447552       5.561    2924.351   1.69    2453.720   1.41       0.036       0.007       0.005       0.484
                  CClientLeafSystem::ProjectFlashlight       80483       1.000    2842.482   1.64    1719.822   0.99       0.035       0.035       0.021       0.939
                          CBasePlayer::PhysicsSimulate       24287       0.302    2785.486   1.61      39.922   0.02       0.035       0.115       0.002       4.712
                       CTerrorPlayer::PlayerRunCommand       22988       0.286    2745.564   1.58    1058.304   0.61       0.034       0.119       0.046       4.705
                         CChromeHTMLWindow::RunFrame()       80483       1.000    2626.774   1.51    2626.774   1.51       0.033       0.033       0.033       0.933
                                    CSprite::DrawModel      186444       2.317    1868.034   1.08      63.997   0.04       0.023       0.010       0.000       0.481
                          C_SpriteRenderer::DrawSprite      186444       2.317    1804.037   1.04    1804.037   1.04       0.022       0.010       0.010       0.479
                    CClientShadowMgr::ReprojectShadows       80483       1.000    1583.616   0.91    1054.669   0.61       0.020       0.020       0.013       0.615
                         CNewParticleEffect::DrawModel      223181       2.773    1487.879   0.86    1486.581   0.86       0.018       0.007       0.007       0.483
                              CTerrorPlayer::PostThink       22988       0.286    1337.710   0.77    1070.731   0.62       0.017       0.058       0.047       4.514
                                    SendClientMessages        5221       0.065    1308.104   0.75      55.952   0.03       0.016       0.251       0.011       0.697
                         CParticleCollection::Simulate      147679       1.835    1298.647   0.75    1251.219   0.72       0.016       0.009       0.008       0.731
       CFlashlightEffect::UpdateDefaultFlashlightState       80483       1.000    1251.393   0.72    1251.393   0.72       0.016       0.016       0.016       0.713
                 C_BaseAnimating::BuildTransformations      365207       4.538    1251.164   0.72    1236.348   0.71       0.016       0.003       0.003       0.755
                 CShadowMgr::SetFlashlightStencilMasks      321932       4.000    1213.919   0.70    1213.919   0.70       0.015       0.004       0.004       0.546
                             CMaterialSystem::EndFrame       80483       1.000    1162.858   0.67      94.397   0.05       0.014       0.014       0.001       3.643
                         CShadowMgr::RenderFlashlights      375455       4.665    1131.987   0.65    1131.987   0.65       0.014       0.003       0.003       0.438
                     CBaseEntity::PhysicsDispatchThink      113263       1.407    1095.991   0.63     118.778   0.07       0.014       0.010       0.001       1.543
                                  Mat_ThreadedEndframe       80483       1.000    1068.460   0.62    1068.285   0.62       0.013       0.013       0.013       3.641
                                 SV_ComputeClientPacks        4930       0.061    1049.691   0.60    1049.691   0.60       0.013       0.213       0.213       0.631
                                        CL_ReadPackets        5221       0.065    1047.187   0.60     501.041   0.29       0.013       0.201       0.096       1.305
                                      Infected::Update       28488       0.354     966.936   0.56      30.854   0.02       0.012       0.034       0.001       1.482
                        CClientShadowMgr::CullReceiver     7386607      91.778     944.843   0.54     944.843   0.54       0.012       0.000       0.000       0.495
                       CPhysicsSystem::PhysicsSimulate       80483       1.000     881.987   0.51     881.272   0.51       0.011       0.011       0.011       0.782
                          COcclusionSystem::IsOccluded     5592443      69.486     845.272   0.49     845.272   0.49       0.011       0.000       0.000       0.593
                                         LightcacheGet     1330451      16.531     838.552   0.48     838.552   0.48       0.010       0.001       0.001       0.183
                     CParticleEffectBinding::DrawModel      435475       5.411     802.695   0.46     802.695   0.46       0.010       0.002       0.002       0.197
  CViewRender::DrawTranslucentWorldAndDetailPropsInLea     1143747      14.211     713.324   0.41     627.800   0.36       0.009       0.001       0.001       0.166
                      CShadowMgr::DrawFlashlightDecals      258710       3.214     640.947   0.37     640.947   0.37       0.008       0.002       0.002       0.204
                          C_BaseEntity::DrawBrushModel       63518       0.789     569.551   0.33     356.638   0.21       0.007       0.009       0.006       0.222
                             CShadowMgr::ProjectShadow      150102       1.865     528.948   0.30     528.948   0.30       0.007       0.004       0.004       0.150
                                 CBaseServer::RunFrame        5221       0.065     403.610   0.23     377.219   0.22       0.005       0.077       0.072       0.848
                                 ZombieBotBody::Update       28137       0.350     389.281   0.22     119.470   0.07       0.005       0.014       0.004       1.232
                   ZombieBotLocomotion::UpdatePosition       53006       0.659     339.037   0.20      26.799   0.02       0.004       0.006       0.001       0.546
                                  _Host_RunFrame_Input        5221       0.065     306.939   0.18     306.939   0.18       0.004       0.059       0.059       1.039
                 ZombieBotLocomotion::ResolveCollision       53006       0.659     301.881   0.17     301.437   0.17       0.004       0.006       0.006       0.544
                                 TerrorNavMesh::Update        5221       0.065     297.720   0.17      11.746   0.01       0.004       0.057       0.002       0.468
                             SurvivorIntention::Update        4926       0.061     295.326   0.17     140.558   0.08       0.004       0.060       0.029       1.749
                           ZombieBotLocomotion::Update       28137       0.350     293.372   0.17      23.820   0.01       0.004       0.010       0.001       1.077
                   TerrorNavMesh::UpdateBoundarySpread        5221       0.065     285.974   0.16     285.974   0.16       0.004       0.055       0.055       0.466
                       CTerrorPlayer::OnNavAreaChanged        1220       0.015     273.249   0.16     196.378   0.11       0.003       0.224       0.161       1.831
                   CShadowMgr::RenderProjectedTextures       98186       1.220     268.509   0.15     208.619   0.12       0.003       0.003       0.002       0.112
       CShadowMgr::DrawFlashlightDecalsOnDisplacements       56538       0.702     254.605   0.15     254.605   0.15       0.003       0.005       0.005       0.182
                            ZombieBotIntention::Update       28137       0.350     225.273   0.13      48.431   0.03       0.003       0.008       0.002       1.118
                                          SendSnapshot        4930       0.061     202.461   0.12     199.910   0.12       0.003       0.041       0.041       0.202
                 CClientShadowMgr::AddShadowToReceiver     2102544      26.124     183.141   0.11     183.141   0.11       0.002       0.000       0.000       0.260
           ZombieBotLocomotion::UpdateGroundConstraint       27833       0.346     148.812   0.09     148.807   0.09       0.002       0.005       0.005       0.910
                                CBaseEntity::EmitSound        6275       0.078     136.811   0.08     136.811   0.08       0.002       0.022       0.022       1.619
                                CBaseEntity::EmitSound        7026       0.087     133.503   0.08     130.348   0.08       0.002       0.019       0.019       0.566
                                     ChasePath::Update        4775       0.059     125.602   0.07       1.091   0.00       0.002       0.026       0.000       0.700
                   InfectedAttack::ChaseVictim::Update        3596       0.045     119.485   0.07      32.702   0.02       0.001       0.033       0.009       0.961
                              C_GameInstructor::Update      160966       2.000     112.517   0.06      69.979   0.04       0.001       0.001       0.000       0.129
                                  _Host_RunFrame_Sound       80483       1.000     111.771   0.06     111.595   0.06       0.001       0.001       0.001       0.294
                                  PathFollower::Update        5587       0.069     109.348   0.06      13.761   0.01       0.001       0.020       0.002       0.652
                                       Client TempEnts       80483       1.000     106.131   0.06      93.266   0.05       0.001       0.001       0.001       1.001
                    CTerrorPlayer::CheckEnemySightings        9530       0.118     104.586   0.06     104.586   0.06       0.001       0.011       0.011       0.496
               CClientShadowMgr::UpdateFlashlightState       80483       1.000     103.890   0.06      38.870   0.02       0.001       0.001       0.000       0.160
                  Locomotion::IsPotentiallyTraversable       21948       0.273     102.776   0.06     102.776   0.06       0.001       0.005       0.005       0.202
                                      NavAreaBuildPath        1549       0.019     100.436   0.06     100.436   0.06       0.001       0.065       0.065       1.379
                    CEngineClient::Sound_ExtraUpdate()      241449       3.000      99.985   0.06      99.985   0.06       0.001       0.000       0.000       0.165
                                   Path::Compute(goal)         522       0.006      96.344   0.06      13.883   0.01       0.001       0.185       0.027       1.488
                               CSteam3Client::RunFrame        5221       0.065      94.569   0.05      94.569   0.05       0.001       0.018       0.018       0.107
                           Locomotion::HasPotentialGap        6051       0.075      89.270   0.05       2.442   0.00       0.001       0.015       0.000       0.539
                                C_Inferno::ClientThink        6148       0.076      80.597   0.05      73.491   0.04       0.001       0.013       0.012       0.263
                    CShadowMgr::DrawFlashlightOverlays      217504       2.702      76.602   0.04      68.142   0.04       0.001       0.000       0.000       0.059
                            CBaseAnimating::SetupBones        2802       0.035      72.321   0.04      68.884   0.04       0.001       0.026       0.025       0.393
                                     Locomotion::IsGap       37465       0.466      71.993   0.04      71.993   0.04       0.001       0.002       0.002       0.472
                                      Director::Update        5221       0.065      71.215   0.04      68.025   0.04       0.001       0.014       0.013       1.609
  CClientShadowMgr::BuildPerspectiveWorldToFlashlightM       80483       1.000      65.020   0.04      65.020   0.04       0.001       0.001       0.001       0.159
                                       IVision::Update        4927       0.061      56.104   0.03       8.213   0.00       0.001       0.011       0.002       0.324
                                  IVision::IsAbleToSee       58105       0.722      53.253   0.03      35.096   0.02       0.001       0.001       0.001       0.308
                          TerrorNavMesh::OnAreaCleared      220089       2.735      50.635   0.03      50.635   0.03       0.001       0.000       0.000       0.337
                          IVision::UpdateRecognizedSet        2463       0.031      47.891   0.03      17.867   0.01       0.001       0.019       0.007       0.322
                         C_BaseCombatWeapon::DrawModel       27945       0.347      41.466   0.02       5.558   0.00       0.001       0.001       0.000       0.082
              CPhysicsHook::FrameUpdatePostEntityThink        5221       0.065      40.547   0.02      40.458   0.02       0.001       0.008       0.008       0.273
                                ChasePath::RefreshPath        4775       0.059      38.158   0.02       2.729   0.00       0.000       0.008       0.001       0.635
           CParticleCollection::InitializeNewParticles        4977       0.062      38.059   0.02      35.197   0.02       0.000       0.008       0.007       0.466
                                 FinishLagCompensation         821       0.010      36.481   0.02       1.441   0.00       0.000       0.044       0.002       0.623
                SurvivorTeamSituation::GetPathToFriend        4942       0.061      35.379   0.02      13.107   0.01       0.000       0.007       0.003       0.322
                                       RestorePlayerTo        4343       0.054      35.040   0.02      35.040   0.02       0.000       0.008       0.008       0.619
                                Path::Compute(subject)         669       0.008      34.860   0.02       1.501   0.00       0.000       0.052       0.002       0.633
                                PathFollower::Climbing        4712       0.059      34.252   0.02       8.729   0.01       0.000       0.007       0.002       0.325
                            FrameUpdatePostEntityThink        5221       0.065      32.092   0.02      32.092   0.02       0.000       0.006       0.006       0.077
                           CMaterialSystem::BeginFrame       80483       1.000      32.055   0.02      32.055   0.02       0.000       0.000       0.000       0.161
                               ZombieBotVision::Update       28878       0.359      28.413   0.02      23.533   0.01       0.000       0.001       0.001       0.128
                  C_GameInstructor::UpdateActiveLesson       14872       0.185      27.078   0.02       3.277   0.00       0.000       0.002       0.000       0.126
            TerrorNavArea::MaintainWanderingPopulation       38860       0.483      26.236   0.02      25.922   0.01       0.000       0.001       0.001       1.424
                           COverlayMgr::RenderOverlays      435008       5.405      25.448   0.01      25.448   0.01       0.000       0.000       0.000       0.053
                   IVision::IsLineOfSightClearToEntity       41508       0.516      24.826   0.01      24.826   0.01       0.000       0.001       0.001       0.294
                           CScriptedIconLesson::Update        7329       0.091      23.732   0.01      23.683   0.01       0.000       0.003       0.003       0.126
   CDetailObjectSystem::RenderTranslucentDetailObjects     1143747      14.211      23.249   0.01      23.249   0.01       0.000       0.000       0.000       0.055
                   CTerrorPlayer::CheckFriendSightings        9530       0.118      21.895   0.01      21.895   0.01       0.000       0.002       0.002       0.231
                              Path::ComputePathDetails        1141       0.014      18.645   0.01      18.645   0.01       0.000       0.016       0.016       0.193
                               BoomerIntention::Update         595       0.007      17.062   0.01      12.783   0.01       0.000       0.029       0.021       0.173
                                   PathFollower::Avoid        4167       0.052      15.343   0.01      15.311   0.01       0.000       0.004       0.004       0.212
         CShadowMgr::DrawFlashlightDecalsOnSurfaceList       12405       0.154      14.596   0.01      14.596   0.01       0.000       0.001       0.001       0.055
                       CStaticPropMgr::DrawStaticProps         985       0.012      14.059   0.01      14.059   0.01       0.000       0.014       0.014       0.077
                                 InfectedAlert::Update        4435       0.055      12.510   0.01       2.464   0.00       0.000       0.003       0.001       0.188
                                    EndUpdateLightmaps       80483       1.000      12.139   0.01      12.139   0.01       0.000       0.000       0.000       0.046
                                 CBaseFileSystem::Open         165       0.002      11.964   0.01      11.964   0.01       0.000       0.073       0.073       1.097
                                 R_GetVisibleFogVolume       80483       1.000      11.574   0.01      11.574   0.01       0.000       0.000       0.000       0.292
                                InfectedWander::Update       18757       0.233      11.412   0.01       2.325   0.00       0.000       0.001       0.000       0.121
          ZombieBotLocomotion::ResolveZombieCollisions       51237       0.637      10.356   0.01      10.294   0.01       0.000       0.000       0.000       0.054
                                CInferno::InfernoThink         151       0.002       9.749   0.01       3.520   0.00       0.000       0.065       0.023       0.332
                               SmokerIntention::Update          89       0.001       9.579   0.01       1.278   0.00       0.000       0.108       0.014       1.585
                                  StartLagCompensation         610       0.008       9.484   0.01       4.083   0.00       0.000       0.016       0.007       0.127
                             CEffectsList::DrawEffects       80483       1.000       9.203   0.01       4.061   0.00       0.000       0.000       0.000       0.059
   PathFollower::Climbing( Search for ledge to climb )         200       0.002       8.007   0.00       7.852   0.00       0.000       0.040       0.039       0.220
                               InfectedAttack::OnStart          87       0.001       7.925   0.00       0.112   0.00       0.000       0.091       0.001       0.844
                       C_Inferno::SynchronizeDrawables        6148       0.076       7.106   0.00       7.106   0.00       0.000       0.001       0.001       0.236
                            PlayerLocomotion::Approach        3431       0.043       6.810   0.00       6.810   0.00       0.000       0.002       0.002       0.057
                            CIconLesson::ShouldDisplay       55269       0.687       6.215   0.00       6.215   0.00       0.000       0.000       0.000       0.036
                                   CL_ProcessVoiceData        5221       0.065       5.772   0.00       5.772   0.00       0.000       0.001       0.001       0.034
                          CMaterialSystem::SwapBuffers       80483       1.000       5.621   0.00       5.621   0.00       0.000       0.000       0.000       0.039
                                       BacktrackPlayer        8186       0.102       5.401   0.00       5.401   0.00       0.000       0.001       0.001       0.068
                                         FX_Quad::Draw        5662       0.070       5.143   0.00       5.143   0.00       0.000       0.001       0.001       0.059
                       CInferno::InfernoThink (spread)         132       0.002       5.139   0.00       4.885   0.00       0.000       0.039       0.037       0.108
               CClientShadowMgr::ComputeShadowTextures       80483       1.000       5.076   0.00       5.076   0.00       0.000       0.000       0.000       0.031
                  ZombieBotBody::AimHeadTowards( pos )        5870       0.073       4.853   0.00       4.853   0.00       0.000       0.001       0.001       0.039
                               CBaseLesson::IsTimedOut       55270       0.687       4.508   0.00       4.508   0.00       0.000       0.000       0.000       0.035
                                         S_StartSound_        8443       0.105       4.250   0.00       4.250   0.00       0.000       0.001       0.001       0.031
         ZombieBotLocomotion::ApplyAccumulatedApproach       28137       0.350       3.930   0.00       3.930   0.00       0.000       0.000       0.000       0.095
                                         FX_DustImpact         328       0.004       3.835   0.00       3.792   0.00       0.000       0.012       0.012       0.139
                C_GameInstructor::UpdateInactiveLesson       40420       0.502       3.758   0.00       3.758   0.00       0.000       0.000       0.000       0.037
                               InfectedAttack::OnPunch           7       0.000       3.302   0.00       2.485   0.00       0.000       0.472       0.355       1.094
                                CBaseFileSystem::Close         117       0.001       3.084   0.00       3.084   0.00       0.000       0.026       0.026       1.981
                               HunterIntention::Update          57       0.001       3.074   0.00       1.810   0.00       0.000       0.054       0.032       0.330
                                       FX_DebrisFlecks         349       0.004       2.758   0.00       1.942   0.00       0.000       0.008       0.006       0.085
                                          HTML::OnTick       10406       0.129       2.661   0.00       2.661   0.00       0.000       0.000       0.000       0.089
      CNetworkStringTableContainer::WriteUpdateMessage        4930       0.061       2.551   0.00       2.551   0.00       0.000       0.001       0.001       0.036
                                      CCSPlayer::Spawn           4       0.000       2.424   0.00       2.059   0.00       0.000       0.606       0.515       0.663
                             ZombieManager::StartFrame        5221       0.065       2.400   0.00       2.175   0.00       0.000       0.000       0.000       0.375
                                 CBaseFileSystem::Read         116       0.001       2.305   0.00       0.050   0.00       0.000       0.020       0.000       0.134
                          CWin32ReadOnlyFile::FS_fread         116       0.001       2.254   0.00       2.254   0.00       0.000       0.019       0.019       0.130
                                CCvar::FindCommandBase        1380       0.017       2.196   0.00       2.196   0.00       0.000       0.002       0.002       0.058
          CParticleCollection::GenerateSortedIndexList        4695       0.058       1.298   0.00       1.298   0.00       0.000       0.000       0.000       0.001
                      ZombieManager::CollectSpawnAreas           6       0.000       1.294   0.00       0.175   0.00       0.000       0.216       0.029       0.589
                            PathFollower::JumpOverGaps        4681       0.058       1.284   0.00       1.021   0.00       0.000       0.000       0.000       0.021
              TerrorNavArea::IsCompletelyVisibleToTeam        2526       0.031       1.119   0.00       1.119   0.00       0.000       0.000       0.000       0.516
                                         FX_MetalSpark         134       0.002       1.045   0.00       1.045   0.00       0.000       0.008       0.008       0.087
                    CScriptedIconLesson::FireGameEvent         712       0.009       1.013   0.00       0.629   0.00       0.000       0.001       0.001       0.063
                       CInferno::InfernoThink (damage)          60       0.001       1.012   0.00       0.704   0.00       0.000       0.017       0.012       0.284
                                PathFollower::IsAtGoal        4712       0.059       0.998   0.00       0.846   0.00       0.000       0.000       0.000       0.030
                                CIconLesson::IsVisible       14872       0.185       0.981   0.00       0.981   0.00       0.000       0.000       0.000       0.010
                         InfectedStaggerAround::Update        3162       0.039       0.773   0.00       0.773   0.00       0.000       0.000       0.000       0.042
                            PathFollower::LadderUpdate        4846       0.060       0.692   0.00       0.692   0.00       0.000       0.000       0.000       0.047
                           CheckUpdatingSteamResources        5221       0.065       0.635   0.00       0.635   0.00       0.000       0.000       0.000       0.023
                           IVision::IsLineOfSightClear         113       0.001       0.611   0.00       0.611   0.00       0.000       0.005       0.005       0.073
                                     Path::PostProcess        1141       0.014       0.547   0.00       0.547   0.00       0.000       0.000       0.000       0.004
                            CBaseFileSystem::FindFirst           4       0.000       0.525   0.00       0.525   0.00       0.000       0.131       0.131       0.146
                             CBaseFileSystem::FindNext         104       0.001       0.439   0.00       0.439   0.00       0.000       0.004       0.004       0.145
                  CScriptedIconLesson::ProcessElements         180       0.002       0.430   0.00       0.051   0.00       0.000       0.002       0.000       0.036
                   CScriptedIconLesson::ProcessElement         336       0.004       0.379   0.00       0.379   0.00       0.000       0.001       0.001       0.032
                                InfectedAttack::Update        3652       0.045       0.372   0.00       0.372   0.00       0.000       0.000       0.000       0.001
                                              S_Update           4       0.000       0.342   0.00       0.337   0.00       0.000       0.086       0.084       0.114
                              PathFollower::GapJumping          41       0.001       0.262   0.00       0.012   0.00       0.000       0.006       0.000       0.014
                InfectedAttack::ChaseVictim::OnContact         464       0.006       0.214   0.00       0.214   0.00       0.000       0.000       0.000       0.002
                   InfectedAttack::PunchVictim::Update          56       0.001       0.210   0.00       0.156   0.00       0.000       0.004       0.003       0.014
                                  C_Inferno::DrawModel        4889       0.061       0.207   0.00       0.207   0.00       0.000       0.000       0.000       0.000
                               NavAreaBuildRetreatPath           4       0.000       0.147   0.00       0.147   0.00       0.000       0.037       0.037       0.072
              CInferno::InfernoThink (check lifetimes)         151       0.002       0.078   0.00       0.078   0.00       0.000       0.001       0.001       0.005
                               InfectedLieDown::Update         464       0.006       0.059   0.00       0.059   0.00       0.000       0.000       0.000       0.000
                               InfectedSitDown::Update         579       0.007       0.052   0.00       0.052   0.00       0.000       0.000       0.000       0.000
                               CNavMesh::FireGameEvent           1       0.000       0.043   0.00       0.043   0.00       0.000       0.043       0.043       0.043
                                 CBaseFileSystem::Seek          68       0.001       0.014   0.00       0.014   0.00       0.000       0.000       0.000       0.000
                               AssemblePrecomputedPath           4       0.000       0.012   0.00       0.005   0.00       0.000       0.003       0.001       0.005
                       C_GameInstructor::FireGameEvent           8       0.000       0.010   0.00       0.010   0.00       0.000       0.001       0.001       0.006
              CShaderAPIDx8::CopyRenderTargetToTexture           2       0.000       0.009   0.00       0.009   0.00       0.000       0.004       0.004       0.009
                                 CBaseFileSystem::Size          48       0.001       0.002   0.00       0.002   0.00       0.000       0.000       0.000       0.000
                                CBaseFileSystem::Write           1       0.000       0.001   0.00       0.001   0.00       0.000       0.001       0.001       0.001
                        CMeshMgr::DiscardVertexBuffers           1       0.000       0.000   0.00       0.000   0.00       0.000       0.000       0.000       0.000

******** END VPROF REPORT ********
